Started GET "/users" for 127.0.0.1 at 2017-08-13 08:49:35 +1000
  
ActionController::RoutingError (No route matches [GET] "/users"):
  
actionpack (5.1.2) lib/action_dispatch/middleware/debug_exceptions.rb:63:in `call'
web-console (3.5.1) lib/web_console/middleware.rb:135:in `call_app'
web-console (3.5.1) lib/web_console/middleware.rb:28:in `block in call'
web-console (3.5.1) lib/web_console/middleware.rb:18:in `catch'
web-console (3.5.1) lib/web_console/middleware.rb:18:in `call'
actionpack (5.1.2) lib/action_dispatch/middleware/show_exceptions.rb:31:in `call'
railties (5.1.2) lib/rails/rack/logger.rb:36:in `call_app'
railties (5.1.2) lib/rails/rack/logger.rb:24:in `block in call'
activesupport (5.1.2) lib/active_support/tagged_logging.rb:69:in `block in tagged'
activesupport (5.1.2) lib/active_support/tagged_logging.rb:26:in `tagged'
activesupport (5.1.2) lib/active_support/tagged_logging.rb:69:in `tagged'
railties (5.1.2) lib/rails/rack/logger.rb:24:in `call'
sprockets-rails (3.2.0) lib/sprockets/rails/quiet_assets.rb:13:in `call'
actionpack (5.1.2) lib/action_dispatch/middleware/remote_ip.rb:79:in `call'
actionpack (5.1.2) lib/action_dispatch/middleware/request_id.rb:25:in `call'
rack (2.0.3) lib/rack/method_override.rb:22:in `call'
rack (2.0.3) lib/rack/runtime.rb:22:in `call'
activesupport (5.1.2) lib/active_support/cache/strategy/local_cache_middleware.rb:27:in `call'
actionpack (5.1.2) lib/action_dispatch/middleware/executor.rb:12:in `call'
actionpack (5.1.2) lib/action_dispatch/middleware/static.rb:125:in `call'
rack (2.0.3) lib/rack/sendfile.rb:111:in `call'
railties (5.1.2) lib/rails/engine.rb:522:in `call'
puma (3.9.1) lib/puma/configuration.rb:224:in `call'
puma (3.9.1) lib/puma/server.rb:602:in `handle_request'
puma (3.9.1) lib/puma/server.rb:435:in `process_client'
puma (3.9.1) lib/puma/server.rb:299:in `block in run'
puma (3.9.1) lib/puma/thread_pool.rb:120:in `block in spawn_thread'
Started GET "/users" for 127.0.0.1 at 2017-08-13 08:49:41 +1000
  
ActionController::RoutingError (No route matches [GET] "/users"):
  
actionpack (5.1.2) lib/action_dispatch/middleware/debug_exceptions.rb:63:in `call'
web-console (3.5.1) lib/web_console/middleware.rb:135:in `call_app'
web-console (3.5.1) lib/web_console/middleware.rb:28:in `block in call'
web-console (3.5.1) lib/web_console/middleware.rb:18:in `catch'
web-console (3.5.1) lib/web_console/middleware.rb:18:in `call'
actionpack (5.1.2) lib/action_dispatch/middleware/show_exceptions.rb:31:in `call'
railties (5.1.2) lib/rails/rack/logger.rb:36:in `call_app'
railties (5.1.2) lib/rails/rack/logger.rb:24:in `block in call'
activesupport (5.1.2) lib/active_support/tagged_logging.rb:69:in `block in tagged'
activesupport (5.1.2) lib/active_support/tagged_logging.rb:26:in `tagged'
activesupport (5.1.2) lib/active_support/tagged_logging.rb:69:in `tagged'
railties (5.1.2) lib/rails/rack/logger.rb:24:in `call'
sprockets-rails (3.2.0) lib/sprockets/rails/quiet_assets.rb:13:in `call'
actionpack (5.1.2) lib/action_dispatch/middleware/remote_ip.rb:79:in `call'
actionpack (5.1.2) lib/action_dispatch/middleware/request_id.rb:25:in `call'
rack (2.0.3) lib/rack/method_override.rb:22:in `call'
rack (2.0.3) lib/rack/runtime.rb:22:in `call'
activesupport (5.1.2) lib/active_support/cache/strategy/local_cache_middleware.rb:27:in `call'
actionpack (5.1.2) lib/action_dispatch/middleware/executor.rb:12:in `call'
actionpack (5.1.2) lib/action_dispatch/middleware/static.rb:125:in `call'
rack (2.0.3) lib/rack/sendfile.rb:111:in `call'
railties (5.1.2) lib/rails/engine.rb:522:in `call'
puma (3.9.1) lib/puma/configuration.rb:224:in `call'
puma (3.9.1) lib/puma/server.rb:602:in `handle_request'
puma (3.9.1) lib/puma/server.rb:435:in `process_client'
puma (3.9.1) lib/puma/server.rb:299:in `block in run'
puma (3.9.1) lib/puma/thread_pool.rb:120:in `block in spawn_thread'
Started GET "/" for 127.0.0.1 at 2017-08-13 08:49:44 +1000
Processing by Rails::WelcomeController#index as HTML
  Rendering C:/Ruby24-x64/lib/ruby/gems/2.4.0/gems/railties-5.1.2/lib/rails/templates/rails/welcome/index.html.erb
  Rendered C:/Ruby24-x64/lib/ruby/gems/2.4.0/gems/railties-5.1.2/lib/rails/templates/rails/welcome/index.html.erb (1.5ms)
Completed 200 OK in 153ms (Views: 12.1ms)


Started GET "/" for 127.0.0.1 at 2017-08-13 08:52:13 +1000
Processing by ApplicationController#hello as HTML
  Rendering html template
  Rendered html template (0.0ms)
Completed 200 OK in 3ms (Views: 2.8ms)


Started GET "/" for 127.0.0.1 at 2017-08-13 09:03:26 +1000
Processing by ApplicationController#hello as HTML
  Rendering html template
  Rendered html template (0.0ms)
Completed 200 OK in 166ms (Views: 4.5ms)


Started GET "/" for 127.0.0.1 at 2017-08-13 09:03:27 +1000
Processing by ApplicationController#hello as HTML
  Rendering html template
  Rendered html template (0.0ms)
Completed 200 OK in 3ms (Views: 2.4ms)


Started GET "/" for 127.0.0.1 at 2017-08-13 09:03:29 +1000
Processing by ApplicationController#hello as HTML
  Rendering html template
  Rendered html template (0.0ms)
Completed 200 OK in 1ms (Views: 1.2ms)


Started GET "/" for 127.0.0.1 at 2017-08-13 09:03:29 +1000
Processing by ApplicationController#hello as HTML
  Rendering html template
  Rendered html template (0.0ms)
Completed 200 OK in 3ms (Views: 2.4ms)


Started GET "/" for 127.0.0.1 at 2017-08-13 09:03:29 +1000
Processing by ApplicationController#hello as HTML
  Rendering html template
  Rendered html template (0.0ms)
Completed 200 OK in 3ms (Views: 2.1ms)


Started GET "/" for 127.0.0.1 at 2017-08-13 09:03:30 +1000
Processing by ApplicationController#hello as HTML
  Rendering html template
  Rendered html template (0.0ms)
Completed 200 OK in 2ms (Views: 1.4ms)


Started GET "/" for 127.0.0.1 at 2017-08-13 09:03:30 +1000
Processing by ApplicationController#hello as HTML
  Rendering html template
  Rendered html template (0.0ms)
Completed 200 OK in 2ms (Views: 1.3ms)


Started GET "/" for 127.0.0.1 at 2017-08-13 09:03:30 +1000
Processing by ApplicationController#hello as HTML
  Rendering html template
  Rendered html template (0.0ms)
Completed 200 OK in 3ms (Views: 1.9ms)


Started GET "/" for 127.0.0.1 at 2017-08-13 09:03:31 +1000
Processing by ApplicationController#hello as HTML
  Rendering html template
  Rendered html template (0.0ms)
Completed 200 OK in 3ms (Views: 2.1ms)


Started GET "/static_page/home" for 127.0.0.1 at 2017-08-13 09:03:55 +1000
  
ActionController::RoutingError (No route matches [GET] "/static_page/home"):
  
actionpack (5.1.2) lib/action_dispatch/middleware/debug_exceptions.rb:63:in `call'
web-console (3.5.1) lib/web_console/middleware.rb:135:in `call_app'
web-console (3.5.1) lib/web_console/middleware.rb:28:in `block in call'
web-console (3.5.1) lib/web_console/middleware.rb:18:in `catch'
web-console (3.5.1) lib/web_console/middleware.rb:18:in `call'
actionpack (5.1.2) lib/action_dispatch/middleware/show_exceptions.rb:31:in `call'
railties (5.1.2) lib/rails/rack/logger.rb:36:in `call_app'
railties (5.1.2) lib/rails/rack/logger.rb:24:in `block in call'
activesupport (5.1.2) lib/active_support/tagged_logging.rb:69:in `block in tagged'
activesupport (5.1.2) lib/active_support/tagged_logging.rb:26:in `tagged'
activesupport (5.1.2) lib/active_support/tagged_logging.rb:69:in `tagged'
railties (5.1.2) lib/rails/rack/logger.rb:24:in `call'
sprockets-rails (3.2.0) lib/sprockets/rails/quiet_assets.rb:13:in `call'
actionpack (5.1.2) lib/action_dispatch/middleware/remote_ip.rb:79:in `call'
actionpack (5.1.2) lib/action_dispatch/middleware/request_id.rb:25:in `call'
rack (2.0.3) lib/rack/method_override.rb:22:in `call'
rack (2.0.3) lib/rack/runtime.rb:22:in `call'
activesupport (5.1.2) lib/active_support/cache/strategy/local_cache_middleware.rb:27:in `call'
actionpack (5.1.2) lib/action_dispatch/middleware/executor.rb:12:in `call'
actionpack (5.1.2) lib/action_dispatch/middleware/static.rb:125:in `call'
rack (2.0.3) lib/rack/sendfile.rb:111:in `call'
railties (5.1.2) lib/rails/engine.rb:522:in `call'
puma (3.9.1) lib/puma/configuration.rb:224:in `call'
puma (3.9.1) lib/puma/server.rb:602:in `handle_request'
puma (3.9.1) lib/puma/server.rb:435:in `process_client'
puma (3.9.1) lib/puma/server.rb:299:in `block in run'
puma (3.9.1) lib/puma/thread_pool.rb:120:in `block in spawn_thread'
Started GET "/static_pages/home" for 127.0.0.1 at 2017-08-13 09:04:23 +1000
Processing by StaticPagesController#home as HTML
  Rendering static_pages/home.html.erb within layouts/application
  Rendered static_pages/home.html.erb within layouts/application (0.0ms)
Completed 200 OK in 848ms (Views: 834.0ms)


Started GET "/static_pages/help" for 127.0.0.1 at 2017-08-13 09:04:42 +1000
Processing by StaticPagesController#help as HTML
  Rendering static_pages/help.html.erb within layouts/application
  Rendered static_pages/help.html.erb within layouts/application (0.0ms)
Completed 200 OK in 38ms (Views: 32.1ms)


Started GET "/static_pages/help" for 127.0.0.1 at 2017-08-13 09:11:42 +1000
Processing by StaticPagesController#help as HTML
  Rendering static_pages/help.html.erb within layouts/application
  Rendered static_pages/help.html.erb within layouts/application (0.5ms)
Completed 200 OK in 57ms (Views: 46.0ms)


Started GET "/static_pages/help" for 127.0.0.1 at 2017-08-13 09:13:53 +1000
Processing by StaticPagesController#help as HTML
  Rendering static_pages/help.html.erb within layouts/application
  Rendered static_pages/help.html.erb within layouts/application (0.0ms)
Completed 200 OK in 57ms (Views: 47.4ms)


Started GET "/static_pages/help" for 127.0.0.1 at 2017-08-13 09:13:57 +1000
Processing by StaticPagesController#help as HTML
  Rendering static_pages/help.html.erb within layouts/application
  Rendered static_pages/help.html.erb within layouts/application (0.0ms)
Completed 200 OK in 57ms (Views: 46.7ms)


Started GET "/static_pages/help" for 127.0.0.1 at 2017-08-13 09:13:58 +1000
Processing by StaticPagesController#help as HTML
  Rendering static_pages/help.html.erb within layouts/application
  Rendered static_pages/help.html.erb within layouts/application (0.5ms)
Completed 200 OK in 54ms (Views: 42.5ms)


Started GET "/static_pages/help" for 127.0.0.1 at 2017-08-13 09:15:37 +1000
Processing by StaticPagesController#help as HTML
  Rendering static_pages/help.html.erb within layouts/application
  Rendered static_pages/help.html.erb within layouts/application (1.0ms)
Completed 200 OK in 66ms (Views: 50.4ms)


Started GET "/articles/4" for 127.0.0.1 at 2017-08-13 09:24:56 +1000
  
ActionController::RoutingError (No route matches [GET] "/articles/4"):
  
actionpack (5.1.2) lib/action_dispatch/middleware/debug_exceptions.rb:63:in `call'
web-console (3.5.1) lib/web_console/middleware.rb:135:in `call_app'
web-console (3.5.1) lib/web_console/middleware.rb:28:in `block in call'
web-console (3.5.1) lib/web_console/middleware.rb:18:in `catch'
web-console (3.5.1) lib/web_console/middleware.rb:18:in `call'
actionpack (5.1.2) lib/action_dispatch/middleware/show_exceptions.rb:31:in `call'
railties (5.1.2) lib/rails/rack/logger.rb:36:in `call_app'
railties (5.1.2) lib/rails/rack/logger.rb:24:in `block in call'
activesupport (5.1.2) lib/active_support/tagged_logging.rb:69:in `block in tagged'
activesupport (5.1.2) lib/active_support/tagged_logging.rb:26:in `tagged'
activesupport (5.1.2) lib/active_support/tagged_logging.rb:69:in `tagged'
railties (5.1.2) lib/rails/rack/logger.rb:24:in `call'
sprockets-rails (3.2.0) lib/sprockets/rails/quiet_assets.rb:13:in `call'
actionpack (5.1.2) lib/action_dispatch/middleware/remote_ip.rb:79:in `call'
actionpack (5.1.2) lib/action_dispatch/middleware/request_id.rb:25:in `call'
rack (2.0.3) lib/rack/method_override.rb:22:in `call'
rack (2.0.3) lib/rack/runtime.rb:22:in `call'
activesupport (5.1.2) lib/active_support/cache/strategy/local_cache_middleware.rb:27:in `call'
actionpack (5.1.2) lib/action_dispatch/middleware/executor.rb:12:in `call'
actionpack (5.1.2) lib/action_dispatch/middleware/static.rb:125:in `call'
rack (2.0.3) lib/rack/sendfile.rb:111:in `call'
railties (5.1.2) lib/rails/engine.rb:522:in `call'
puma (3.9.1) lib/puma/configuration.rb:224:in `call'
puma (3.9.1) lib/puma/server.rb:602:in `handle_request'
puma (3.9.1) lib/puma/server.rb:435:in `process_client'
puma (3.9.1) lib/puma/server.rb:299:in `block in run'
puma (3.9.1) lib/puma/thread_pool.rb:120:in `block in spawn_thread'
Started GET "/" for 127.0.0.1 at 2017-08-13 09:24:59 +1000
Processing by ApplicationController#hello as HTML
  Rendering html template
  Rendered html template (0.0ms)
Completed 200 OK in 153ms (Views: 1.2ms)


Started GET "/" for 127.0.0.1 at 2017-08-13 10:14:27 +1000
Processing by ApplicationController#hello as HTML
  Rendering html template
  Rendered html template (0.0ms)
Completed 200 OK in 158ms (Views: 3.7ms)


Started GET "/" for 127.0.0.1 at 2017-08-13 10:39:27 +1000
Processing by ApplicationController#hello as HTML
  Rendering html template
  Rendered html template (0.0ms)
Completed 200 OK in 158ms (Views: 3.8ms)


Started GET "/" for 127.0.0.1 at 2017-08-13 10:43:16 +1000
Processing by ApplicationController#hello as HTML
  Rendering html template
  Rendered html template (0.0ms)
Completed 200 OK in 3ms (Views: 2.5ms)


Started GET "/" for 127.0.0.1 at 2017-08-13 10:43:55 +1000
Processing by ApplicationController#hello as HTML
  Rendering html template
  Rendered html template (0.0ms)
Completed 200 OK in 1ms (Views: 1.1ms)


Started GET "/static_pages/help" for 127.0.0.1 at 2017-08-13 10:44:00 +1000
Processing by StaticPagesController#help as HTML
  Rendering static_pages/help.html.erb within layouts/application
  Rendered static_pages/help.html.erb within layouts/application (1.0ms)
Completed 200 OK in 141ms (Views: 136.6ms)


Started GET "/static_pages/about" for 127.0.0.1 at 2017-08-13 10:44:10 +1000
Processing by StaticPagesController#about as HTML
  Rendering static_pages/about.html.erb within layouts/application
  Rendered static_pages/about.html.erb within layouts/application (0.0ms)
Completed 200 OK in 66ms (Views: 60.2ms)


Started GET "/static_pages/about" for 127.0.0.1 at 2017-08-13 19:56:53 +1000
Processing by StaticPagesController#about as HTML
  Rendering static_pages/about.html.erb within layouts/application
  Rendered static_pages/about.html.erb within layouts/application (0.0ms)
Completed 200 OK in 53ms (Views: 43.5ms)


Started GET "/static_pages/about" for 127.0.0.1 at 2017-08-13 19:56:55 +1000
Processing by StaticPagesController#about as HTML
  Rendering static_pages/about.html.erb within layouts/application
  Rendered static_pages/about.html.erb within layouts/application (1.0ms)
Completed 200 OK in 60ms (Views: 49.9ms)


Started GET "/static_pages/about" for 127.0.0.1 at 2017-08-13 19:56:56 +1000
Processing by StaticPagesController#about as HTML
  Rendering static_pages/about.html.erb within layouts/application
  Rendered static_pages/about.html.erb within layouts/application (0.0ms)
Completed 200 OK in 44ms (Views: 35.2ms)


Started GET "/static_pages/about" for 127.0.0.1 at 2017-08-13 19:56:58 +1000
Processing by StaticPagesController#about as HTML
  Rendering static_pages/about.html.erb within layouts/application
  Rendered static_pages/about.html.erb within layouts/application (0.0ms)
Completed 200 OK in 53ms (Views: 40.9ms)


Started GET "/static_pages/about" for 127.0.0.1 at 2017-08-13 19:56:58 +1000
Processing by StaticPagesController#about as HTML
  Rendering static_pages/about.html.erb within layouts/application
  Rendered static_pages/about.html.erb within layouts/application (1.0ms)
Completed 200 OK in 105ms (Views: 88.0ms)


Started GET "/static_pages/about" for 127.0.0.1 at 2017-08-13 19:56:58 +1000
Processing by StaticPagesController#about as HTML
  Rendering static_pages/about.html.erb within layouts/application
  Rendered static_pages/about.html.erb within layouts/application (0.0ms)
Completed 200 OK in 40ms (Views: 34.9ms)


Started GET "/static_pages/about" for 127.0.0.1 at 2017-08-13 19:56:59 +1000
Processing by StaticPagesController#about as HTML
  Rendering static_pages/about.html.erb within layouts/application
  Rendered static_pages/about.html.erb within layouts/application (0.0ms)
Completed 200 OK in 57ms (Views: 45.1ms)


Started GET "/static_pages/help" for 127.0.0.1 at 2017-08-13 19:57:12 +1000
Processing by StaticPagesController#help as HTML
  Rendering static_pages/help.html.erb within layouts/application
  Rendered static_pages/help.html.erb within layouts/application (0.0ms)
Completed 200 OK in 36ms (Views: 31.4ms)


Started GET "/static_pages/help" for 127.0.0.1 at 2017-08-13 19:57:51 +1000
Processing by StaticPagesController#help as HTML
  Rendering static_pages/help.html.erb within layouts/application
  Rendered static_pages/help.html.erb within layouts/application (0.5ms)
Completed 200 OK in 292ms (Views: 137.3ms)


Started GET "/static_pages/help" for 127.0.0.1 at 2017-08-13 19:57:59 +1000
Processing by StaticPagesController#help as HTML
  Rendering static_pages/help.html.erb within layouts/application
  Rendered static_pages/help.html.erb within layouts/application (0.0ms)
Completed 200 OK in 76ms (Views: 59.1ms)


Started GET "/static_pages/help" for 127.0.0.1 at 2017-08-13 19:58:00 +1000
Processing by StaticPagesController#help as HTML
  Rendering static_pages/help.html.erb within layouts/application
  Rendered static_pages/help.html.erb within layouts/application (2.0ms)
Completed 200 OK in 79ms (Views: 63.0ms)


Started GET "/static_pages/help" for 127.0.0.1 at 2017-08-13 19:58:01 +1000
Processing by StaticPagesController#help as HTML
  Rendering static_pages/help.html.erb within layouts/application
  Rendered static_pages/help.html.erb within layouts/application (0.5ms)
Completed 200 OK in 32ms (Views: 28.0ms)


Started GET "/static_pages/help" for 127.0.0.1 at 2017-08-13 19:58:01 +1000
Processing by StaticPagesController#help as HTML
  Rendering static_pages/help.html.erb within layouts/application
  Rendered static_pages/help.html.erb within layouts/application (1.0ms)
Completed 200 OK in 58ms (Views: 43.3ms)


Started GET "/static_pages/help" for 127.0.0.1 at 2017-08-13 19:58:01 +1000
Processing by StaticPagesController#help as HTML
  Rendering static_pages/help.html.erb within layouts/application
  Rendered static_pages/help.html.erb within layouts/application (0.0ms)
Completed 200 OK in 36ms (Views: 32.1ms)


Started GET "/static_pages/help" for 127.0.0.1 at 2017-08-13 19:58:01 +1000
Processing by StaticPagesController#help as HTML
  Rendering static_pages/help.html.erb within layouts/application
  Rendered static_pages/help.html.erb within layouts/application (0.0ms)
Completed 200 OK in 36ms (Views: 32.0ms)


Started GET "/static_pages/home" for 127.0.0.1 at 2017-08-13 20:32:03 +1000
Processing by StaticPagesController#home as HTML
  Rendering static_pages/home.html.erb within layouts/application
  Rendered static_pages/home.html.erb within layouts/application (1.0ms)
Completed 200 OK in 322ms (Views: 153.8ms)


Started GET "/static_pages/home" for 127.0.0.1 at 2017-08-13 20:32:08 +1000
Processing by StaticPagesController#home as HTML
  Rendering static_pages/home.html.erb within layouts/application
  Rendered static_pages/home.html.erb within layouts/application (1.0ms)
Completed 200 OK in 39ms (Views: 34.6ms)


Started GET "/static_pages/home" for 127.0.0.1 at 2017-08-13 20:32:11 +1000
Processing by StaticPagesController#home as HTML
  Rendering static_pages/home.html.erb within layouts/application
  Rendered static_pages/home.html.erb within layouts/application (0.0ms)
Completed 200 OK in 52ms (Views: 41.5ms)


Started GET "/static_pages/home" for 127.0.0.1 at 2017-08-13 20:32:12 +1000
Processing by StaticPagesController#home as HTML
  Rendering static_pages/home.html.erb within layouts/application
  Rendered static_pages/home.html.erb within layouts/application (1.0ms)
Completed 200 OK in 47ms (Views: 36.8ms)


Started GET "/static_pages/home" for 127.0.0.1 at 2017-08-13 20:32:12 +1000
Processing by StaticPagesController#home as HTML
  Rendering static_pages/home.html.erb within layouts/application
  Rendered static_pages/home.html.erb within layouts/application (0.0ms)
Completed 200 OK in 73ms (Views: 54.0ms)


Started GET "/static_pages/home" for 127.0.0.1 at 2017-08-13 20:32:13 +1000
Processing by StaticPagesController#home as HTML
  Rendering static_pages/home.html.erb within layouts/application
  Rendered static_pages/home.html.erb within layouts/application (0.0ms)
Completed 200 OK in 34ms (Views: 30.4ms)


Started GET "/static_pages/home" for 127.0.0.1 at 2017-08-13 20:32:13 +1000
Processing by StaticPagesController#home as HTML
  Rendering static_pages/home.html.erb within layouts/application
  Rendered static_pages/home.html.erb within layouts/application (0.0ms)
Completed 200 OK in 35ms (Views: 30.8ms)


Started GET "/static_pages/home" for 127.0.0.1 at 2017-08-13 20:32:13 +1000
Processing by StaticPagesController#home as HTML
  Rendering static_pages/home.html.erb within layouts/application
  Rendered static_pages/home.html.erb within layouts/application (0.0ms)
Completed 200 OK in 39ms (Views: 34.2ms)


Started GET "/static_pages/home" for 127.0.0.1 at 2017-08-13 20:32:14 +1000
Processing by StaticPagesController#home as HTML
  Rendering static_pages/home.html.erb within layouts/application
  Rendered static_pages/home.html.erb within layouts/application (0.0ms)
Completed 200 OK in 38ms (Views: 30.3ms)


Started GET "/static_pages/home" for 127.0.0.1 at 2017-08-13 20:36:10 +1000
Processing by StaticPagesController#home as HTML
  Rendering static_pages/home.html.erb within layouts/application
  Rendered static_pages/home.html.erb within layouts/application (1.0ms)
Completed 200 OK in 313ms (Views: 160.0ms)


Started GET "/static_pages/about" for 127.0.0.1 at 2017-08-13 20:36:22 +1000
Processing by StaticPagesController#about as HTML
  Rendering static_pages/about.html.erb within layouts/application
  Rendered static_pages/about.html.erb within layouts/application (1.0ms)
Completed 200 OK in 44ms (Views: 38.9ms)


Started GET "/static_pages/home" for 127.0.0.1 at 2017-08-13 20:36:39 +1000
Processing by StaticPagesController#home as HTML
  Rendering static_pages/home.html.erb within layouts/application
  Rendered static_pages/home.html.erb within layouts/application (0.5ms)
Completed 200 OK in 38ms (Views: 32.5ms)


Started GET "/static_pages/help" for 127.0.0.1 at 2017-08-13 20:36:48 +1000
Processing by StaticPagesController#help as HTML
  Rendering static_pages/help.html.erb within layouts/application
  Rendered static_pages/help.html.erb within layouts/application (0.0ms)
Completed 200 OK in 35ms (Views: 30.4ms)


Started GET "/static_pages/help" for 127.0.0.1 at 2017-08-13 20:56:52 +1000
Processing by StaticPagesController#help as HTML
  Rendering static_pages/help.html.erb within layouts/application
  Rendered static_pages/help.html.erb within layouts/application (0.0ms)
Completed 200 OK in 310ms (Views: 154.4ms)


Started GET "/static_pages/help" for 127.0.0.1 at 2017-08-13 20:57:00 +1000
Processing by StaticPagesController#help as HTML
  Rendering static_pages/help.html.erb within layouts/application
  Rendered static_pages/help.html.erb within layouts/application (0.0ms)
Completed 200 OK in 74ms (Views: 56.5ms)


Started GET "/static_pages/help" for 127.0.0.1 at 2017-08-13 20:57:03 +1000
Processing by StaticPagesController#help as HTML
  Rendering static_pages/help.html.erb within layouts/application
  Rendered static_pages/help.html.erb within layouts/application (0.0ms)
Completed 200 OK in 56ms (Views: 42.1ms)


Started GET "/static_pages/help" for 127.0.0.1 at 2017-08-13 20:57:04 +1000
Processing by StaticPagesController#help as HTML
  Rendering static_pages/help.html.erb within layouts/application
  Rendered static_pages/help.html.erb within layouts/application (0.0ms)
Completed 200 OK in 68ms (Views: 52.4ms)


Started GET "/static_pages/help" for 127.0.0.1 at 2017-08-13 20:57:04 +1000
Processing by StaticPagesController#help as HTML
  Rendering static_pages/help.html.erb within layouts/application
  Rendered static_pages/help.html.erb within layouts/application (1.0ms)
Completed 200 OK in 56ms (Views: 42.2ms)


Started GET "/static_pages/help" for 127.0.0.1 at 2017-08-13 20:57:05 +1000
Processing by StaticPagesController#help as HTML
  Rendering static_pages/help.html.erb within layouts/application
  Rendered static_pages/help.html.erb within layouts/application (0.0ms)
Completed 200 OK in 58ms (Views: 42.7ms)


Started GET "/static_pages/help" for 127.0.0.1 at 2017-08-13 20:57:06 +1000
Processing by StaticPagesController#help as HTML
  Rendering static_pages/help.html.erb within layouts/application
  Rendered static_pages/help.html.erb within layouts/application (0.0ms)
Completed 200 OK in 58ms (Views: 47.1ms)


Started GET "/static_pages/help" for 127.0.0.1 at 2017-08-13 20:57:07 +1000
Processing by StaticPagesController#help as HTML
  Rendering static_pages/help.html.erb within layouts/application
  Rendered static_pages/help.html.erb within layouts/application (1.0ms)
Completed 200 OK in 99ms (Views: 83.2ms)


Started GET "/static_pages/about" for 127.0.0.1 at 2017-08-13 20:57:13 +1000
Processing by StaticPagesController#about as HTML
  Rendering static_pages/about.html.erb within layouts/application
  Rendered static_pages/about.html.erb within layouts/application (1.0ms)
Completed 200 OK in 36ms (Views: 31.8ms)


Started GET "/static_pages/home" for 127.0.0.1 at 2017-08-13 20:57:22 +1000
Processing by StaticPagesController#home as HTML
  Rendering static_pages/home.html.erb within layouts/application
  Rendered static_pages/home.html.erb within layouts/application (1.0ms)
Completed 200 OK in 36ms (Views: 31.0ms)


Started GET "/static_pages/home" for 127.0.0.1 at 2017-08-13 21:02:08 +1000
Processing by StaticPagesController#home as HTML
  Rendering static_pages/home.html.erb within layouts/application
  Rendered static_pages/home.html.erb within layouts/application (0.0ms)
Completed 200 OK in 39ms (Views: 33.7ms)


Started GET "/" for 127.0.0.1 at 2017-08-13 21:02:12 +1000
Processing by StaticPagesController#home as HTML
  Rendering static_pages/home.html.erb within layouts/application
  Rendered static_pages/home.html.erb within layouts/application (0.0ms)
Completed 200 OK in 34ms (Views: 29.1ms)


Started GET "/contact" for 127.0.0.1 at 2017-08-13 21:02:21 +1000
  
ActionController::RoutingError (No route matches [GET] "/contact"):
  
actionpack (5.1.2) lib/action_dispatch/middleware/debug_exceptions.rb:63:in `call'
web-console (3.5.1) lib/web_console/middleware.rb:135:in `call_app'
web-console (3.5.1) lib/web_console/middleware.rb:28:in `block in call'
web-console (3.5.1) lib/web_console/middleware.rb:18:in `catch'
web-console (3.5.1) lib/web_console/middleware.rb:18:in `call'
actionpack (5.1.2) lib/action_dispatch/middleware/show_exceptions.rb:31:in `call'
railties (5.1.2) lib/rails/rack/logger.rb:36:in `call_app'
railties (5.1.2) lib/rails/rack/logger.rb:24:in `block in call'
activesupport (5.1.2) lib/active_support/tagged_logging.rb:69:in `block in tagged'
activesupport (5.1.2) lib/active_support/tagged_logging.rb:26:in `tagged'
activesupport (5.1.2) lib/active_support/tagged_logging.rb:69:in `tagged'
railties (5.1.2) lib/rails/rack/logger.rb:24:in `call'
sprockets-rails (3.2.0) lib/sprockets/rails/quiet_assets.rb:13:in `call'
actionpack (5.1.2) lib/action_dispatch/middleware/remote_ip.rb:79:in `call'
actionpack (5.1.2) lib/action_dispatch/middleware/request_id.rb:25:in `call'
rack (2.0.3) lib/rack/method_override.rb:22:in `call'
rack (2.0.3) lib/rack/runtime.rb:22:in `call'
activesupport (5.1.2) lib/active_support/cache/strategy/local_cache_middleware.rb:27:in `call'
actionpack (5.1.2) lib/action_dispatch/middleware/executor.rb:12:in `call'
actionpack (5.1.2) lib/action_dispatch/middleware/static.rb:125:in `call'
rack (2.0.3) lib/rack/sendfile.rb:111:in `call'
railties (5.1.2) lib/rails/engine.rb:522:in `call'
puma (3.9.1) lib/puma/configuration.rb:224:in `call'
puma (3.9.1) lib/puma/server.rb:602:in `handle_request'
puma (3.9.1) lib/puma/server.rb:435:in `process_client'
puma (3.9.1) lib/puma/server.rb:299:in `block in run'
puma (3.9.1) lib/puma/thread_pool.rb:120:in `block in spawn_thread'
Started GET "/static_pages/contact" for 127.0.0.1 at 2017-08-13 21:03:13 +1000
Processing by StaticPagesController#contact as HTML
  Rendering static_pages/contact.html.erb within layouts/application
  Rendered static_pages/contact.html.erb within layouts/application (0.0ms)
Completed 200 OK in 35ms (Views: 29.9ms)


